start!
create vocab 0.14504384994506836
get file_name
start! extraction words and bboxes from pdf. 2.94431209564209
finish! extraction words and bboxes from pdf.  8697.290504932404
start! tokenize
3336 PMC4045519_00002
5286 PMC4329830_00000
7783 PMC3518793_00005
19093 PMC3898277_00002
19640 PMC4992020_00000
22319 PMC2292678_00001
25746 PMC4595860_00006
31215 PMC3892942_00000
32326 PMC3363994_00000
33360 PMC3750437_00003
38255 PMC5124265_00002
39836 PMC3715151_00001
62882 PMC4939576_00003
63860 PMC5667741_00010
67490 PMC4618945_00003
68357 PMC4507523_00008
70743 PMC5030733_00009
72173 PMC4950983_00017
77392 PMC3003908_00002
77930 PMC5874500_00004
83224 PMC5994662_00000
88021 PMC5384440_00000
88032 PMC5325833_00011
88698 PMC4424545_00001
92182 PMC4758991_00000
99171 PMC4176138_00000
102573 PMC2954879_00001
105720 PMC5954792_00004
111223 PMC3268736_00003
111600 PMC5780547_00001
112455 PMC2678976_00003
112630 PMC4076111_00005
112732 PMC3714041_00001
117827 PMC5906722_00003
117877 PMC2972642_00003
122881 PMC5585636_00001
130374 PMC5896136_00008
131906 PMC5724697_00001
140348 PMC4845763_00001
142541 PMC3945942_00003
150327 PMC5774181_00005
150751 PMC4109812_00023
154787 PMC6091722_00002
159760 PMC4307950_00007
169012 PMC5656750_00009
171880 PMC5770081_00000
180936 PMC4611029_00002
181408 PMC4471350_00003
183336 PMC6011254_00003
185774 PMC3860489_00000
195943 PMC4514820_00002
199091 PMC4009313_00001
210207 PMC5816510_00010
210635 PMC4280672_00000
211200 PMC5557036_00002
214225 PMC5758721_00003
215553 PMC5102969_00007
215972 PMC3901235_00012
216136 PMC4288105_00001
217424 PMC2835860_00010
225501 PMC4180547_00010
227915 PMC5473381_00000
229672 PMC5332811_00001
232574 PMC5656733_00006
233574 PMC3506867_00001
241193 PMC5569497_00011
251482 PMC5013456_00007
254932 PMC6104403_00000
266853 PMC4796335_00000
275910 PMC4230325_00016
278623 PMC4064043_00014
279371 PMC4606818_00015
280903 PMC5198203_00005
282312 PMC5968081_00005
282426 PMC5345527_00005
284699 PMC6101101_00004
299138 PMC5082568_00001
300953 PMC4736773_00001
306045 PMC5075301_00001
306590 PMC6061247_00007
306879 PMC5978797_00006
312524 PMC4667943_00005
323049 PMC6003981_00006
finish! tokenzie  16860.110417604446
start! extraciton pixel value from image  16860.11047434807
1001
2002
3003
4004
5005
6006
7007
8008
9009
10010
11011
12012
13013
14014
15015
16016
17017
18018
19019
20020
21021
22022
23023
24024
25025
26026
27027
28028
29029
30030
31031
32032
33033
34034
35035
36036
37037
38038
39039
40040
41041
42042
43043
44044
45045
46046
47047
48048
49049
50050
51051
52052
53053
54054
55055
56056
57057
58058
59059
60060
61061
62062
63063
64064
65065
66066
67067
68068
69069
70070
71071
72072
73073
74074
75075
76076
77077
78078
79079
80080
81081
82082
83083
84084
85085
86086
87087
88088
89089
90090
91091
92092
93093
94094
95095
96096
97097
98098
99099
100100
101101
102102
103103
104104
105105
106106
107107
108108
109109
110110
111111
112112
113113
114114
115115
116116
117117
118118
119119
120120
121121
122122
123123
124124
125125
126126
127127
128128
129129
130130
131131
132132
133133
134134
135135
136136
137137
138138
139139
140140
141141
142142
143143
144144
145145
146146
147147
148148
149149
150150
151151
152152
153153
154154
155155
156156
157157
158158
159159
160160
161161
162162
163163
164164
165165
166166
167167
168168
169169
170170
171171
172172
173173
174174
175175
176176
177177
178178
179179
180180
181181
182182
183183
184184
185185
186186
187187
188188
189189
190190
191191
192192
193193
194194
195195
196196
197197
198198
199199
200200
201201
202202
203203
204204
205205
206206
207207
208208
209209
210210
211211
212212
213213
214214
215215
216216
217217
218218
219219
220220
221221
222222
223223
224224
225225
226226
227227
228228
229229
230230
231231
232232
233233
234234
235235
236236
237237
238238
239239
240240
241241
242242
243243
244244
245245
246246
247247
248248
249249
250250
251251
252252
253253
254254
255255
256256
257257
258258
259259
260260
261261
262262
263263
264264
265265
266266
267267
268268
269269
270270
271271
272272
273273
274274
275275
276276
277277
278278
279279
280280
281281
282282
283283
284284
285285
286286
287287
288288
289289
290290
291291
292292
293293
294294
295295
296296
297297
298298
299299
300300
301301
302302
303303
304304
305305
306306
307307
308308
309309
310310
311311
312312
313313
314314
315315
316316
317317
318318
319319
320320
321321
322322
323323
324324
325325
326326
327327
328328
329329
330330
331331
332332
333333
334334
335335
finish! extraction pixelvalues 24922.10942697525
start! create subset tokens 24922.110077142715
finish! create subset tokens 24964.467418193817
start! create dataset 24964.4674680233
saving......! ../../datasets/pdfs/tensor_dataset.pt 24965.37036561966
