start!
create vocab 0.11077427864074707
get file_name
start! extraction words and bboxes from pdf. 4.964845180511475
finish! extraction words and bboxes from pdf.  3002.994341611862
start! tokenize
3336 PMC4045519_00002
5286 PMC4329830_00000
7783 PMC3518793_00005
19093 PMC3898277_00002
19640 PMC4992020_00000
22319 PMC2292678_00001
25746 PMC4595860_00006
31215 PMC3892942_00000
32326 PMC3363994_00000
33360 PMC3750437_00003
38255 PMC5124265_00002
39836 PMC3715151_00001
62882 PMC4939576_00003
63860 PMC5667741_00010
67490 PMC4618945_00003
68357 PMC4507523_00008
70743 PMC5030733_00009
72173 PMC4950983_00017
77392 PMC3003908_00002
77930 PMC5874500_00004
83224 PMC5994662_00000
88021 PMC5384440_00000
88032 PMC5325833_00011
88698 PMC4424545_00001
92182 PMC4758991_00000
99171 PMC4176138_00000
finish! tokenzie  7538.639860153198
start! extraciton pixel value from image  7538.639909982681
1001
2002
3003
4004
5005
6006
7007
8008
9009
10010
11011
12012
13013
14014
15015
16016
17017
18018
19019
20020
21021
22022
23023
24024
25025
26026
27027
28028
29029
30030
31031
32032
33033
34034
35035
36036
37037
38038
39039
40040
41041
42042
43043
44044
45045
46046
47047
48048
49049
50050
51051
52052
53053
54054
55055
56056
57057
58058
59059
60060
61061
62062
63063
64064
65065
66066
67067
68068
69069
70070
71071
72072
73073
74074
75075
76076
77077
78078
79079
80080
81081
82082
83083
84084
85085
86086
87087
88088
89089
90090
91091
92092
93093
94094
95095
96096
97097
98098
99099
finish! extraction pixelvalues 9521.907868146896
start! create subset tokens 9521.907939195633
finish! create subset tokens 9529.806538820267
start! create dataset 9529.806598901749
saving......! ../../datasets/pdfs/tensor_dataset.pt 9530.074296474457
